{"/Users/romanhome/Documents/GitHub/basic-electron-react-boilerplate/client/actions/watcher.js": {"path":"/Users/romanhome/Documents/GitHub/basic-electron-react-boilerplate/client/actions/watcher.js","statementMap":{"0":{"start":{"line":1,"column":27},"end":{"line":1,"column":40}},"1":{"start":{"line":2,"column":30},"end":{"line":2,"column":46}},"2":{"start":{"line":3,"column":29},"end":{"line":3,"column":44}},"3":{"start":{"line":4,"column":29},"end":{"line":4,"column":44}},"4":{"start":{"line":7,"column":1},"end":{"line":15,"column":3}},"5":{"start":{"line":8,"column":19},"end":{"line":8,"column":64}},"6":{"start":{"line":9,"column":19},"end":{"line":9,"column":40}},"7":{"start":{"line":11,"column":2},"end":{"line":14,"column":5}},"8":{"start":{"line":19,"column":1},"end":{"line":30,"column":3}},"9":{"start":{"line":20,"column":2},"end":{"line":27,"column":5}},"10":{"start":{"line":29,"column":2},"end":{"line":29,"column":26}},"11":{"start":{"line":34,"column":1},"end":{"line":43,"column":3}},"12":{"start":{"line":35,"column":2},"end":{"line":38,"column":5}},"13":{"start":{"line":40,"column":2},"end":{"line":42,"column":5}},"14":{"start":{"line":47,"column":1},"end":{"line":54,"column":3}},"15":{"start":{"line":48,"column":2},"end":{"line":51,"column":5}},"16":{"start":{"line":53,"column":2},"end":{"line":53,"column":26}}},"fnMap":{"0":{"name":"list","decl":{"start":{"line":6,"column":16},"end":{"line":6,"column":20}},"loc":{"start":{"line":6,"column":24},"end":{"line":16,"column":1}},"line":6},"1":{"name":"(anonymous_1)","decl":{"start":{"line":7,"column":8},"end":{"line":7,"column":9}},"loc":{"start":{"line":7,"column":34},"end":{"line":15,"column":2}},"line":7},"2":{"name":"add","decl":{"start":{"line":18,"column":16},"end":{"line":18,"column":19}},"loc":{"start":{"line":18,"column":30},"end":{"line":31,"column":1}},"line":18},"3":{"name":"(anonymous_3)","decl":{"start":{"line":19,"column":8},"end":{"line":19,"column":9}},"loc":{"start":{"line":19,"column":34},"end":{"line":30,"column":2}},"line":19},"4":{"name":"check","decl":{"start":{"line":33,"column":16},"end":{"line":33,"column":21}},"loc":{"start":{"line":33,"column":27},"end":{"line":44,"column":1}},"line":33},"5":{"name":"(anonymous_5)","decl":{"start":{"line":34,"column":8},"end":{"line":34,"column":9}},"loc":{"start":{"line":34,"column":34},"end":{"line":43,"column":2}},"line":34},"6":{"name":"remove","decl":{"start":{"line":46,"column":16},"end":{"line":46,"column":22}},"loc":{"start":{"line":46,"column":33},"end":{"line":55,"column":1}},"line":46},"7":{"name":"(anonymous_7)","decl":{"start":{"line":47,"column":8},"end":{"line":47,"column":9}},"loc":{"start":{"line":47,"column":34},"end":{"line":54,"column":2}},"line":47}},"branchMap":{},"s":{"0":2,"1":2,"2":2,"3":2,"4":0,"5":0,"6":0,"7":0,"8":0,"9":0,"10":0,"11":0,"12":0,"13":0,"14":0,"15":0,"16":0},"f":{"0":0,"1":0,"2":0,"3":0,"4":0,"5":0,"6":0,"7":0},"b":{},"_coverageSchema":"332fd63041d2c1bcb487cc26dd0d5f7d97098a6c","hash":"ba2b686847c3285fbaf9b0a99bf9f670359d426c"}
,"/Users/romanhome/Documents/GitHub/basic-electron-react-boilerplate/client/components/App.js": {"path":"/Users/romanhome/Documents/GitHub/basic-electron-react-boilerplate/client/components/App.js","statementMap":{"0":{"start":{"line":14,"column":2},"end":{"line":14,"column":15}},"1":{"start":{"line":15,"column":2},"end":{"line":15,"column":59}},"2":{"start":{"line":19,"column":2},"end":{"line":19,"column":42}},"3":{"start":{"line":21,"column":2},"end":{"line":23,"column":15}},"4":{"start":{"line":22,"column":3},"end":{"line":22,"column":43}},"5":{"start":{"line":27,"column":2},"end":{"line":27,"column":47}},"6":{"start":{"line":31,"column":23},"end":{"line":46,"column":4}},"7":{"start":{"line":32,"column":15},"end":{"line":32,"column":26}},"8":{"start":{"line":34,"column":3},"end":{"line":45,"column":5}},"9":{"start":{"line":48,"column":2},"end":{"line":52,"column":4}},"10":{"start":{"line":56,"column":0},"end":{"line":58,"column":2}},"11":{"start":{"line":60,"column":0},"end":{"line":63,"column":2}},"12":{"start":{"line":66,"column":1},"end":{"line":68,"column":3}},"13":{"start":{"line":72,"column":1},"end":{"line":76,"column":3}}},"fnMap":{"0":{"name":"(anonymous_0)","decl":{"start":{"line":13,"column":1},"end":{"line":13,"column":2}},"loc":{"start":{"line":13,"column":21},"end":{"line":16,"column":2}},"line":13},"1":{"name":"(anonymous_1)","decl":{"start":{"line":18,"column":1},"end":{"line":18,"column":2}},"loc":{"start":{"line":18,"column":29},"end":{"line":24,"column":2}},"line":18},"2":{"name":"(anonymous_2)","decl":{"start":{"line":21,"column":14},"end":{"line":21,"column":15}},"loc":{"start":{"line":21,"column":26},"end":{"line":23,"column":3}},"line":21},"3":{"name":"(anonymous_3)","decl":{"start":{"line":26,"column":1},"end":{"line":26,"column":2}},"loc":{"start":{"line":26,"column":33},"end":{"line":28,"column":2}},"line":26},"4":{"name":"(anonymous_4)","decl":{"start":{"line":30,"column":1},"end":{"line":30,"column":2}},"loc":{"start":{"line":30,"column":11},"end":{"line":53,"column":2}},"line":30},"5":{"name":"(anonymous_5)","decl":{"start":{"line":31,"column":47},"end":{"line":31,"column":48}},"loc":{"start":{"line":31,"column":60},"end":{"line":46,"column":3}},"line":31},"6":{"name":"mapStateToProps","decl":{"start":{"line":65,"column":9},"end":{"line":65,"column":24}},"loc":{"start":{"line":65,"column":33},"end":{"line":69,"column":1}},"line":65},"7":{"name":"mapDispatchToProps","decl":{"start":{"line":71,"column":9},"end":{"line":71,"column":27}},"loc":{"start":{"line":71,"column":39},"end":{"line":77,"column":1}},"line":71}},"branchMap":{},"s":{"0":0,"1":0,"2":0,"3":0,"4":0,"5":0,"6":0,"7":0,"8":0,"9":0,"10":1,"11":1,"12":0,"13":0},"f":{"0":0,"1":0,"2":0,"3":0,"4":0,"5":0,"6":0,"7":0},"b":{},"_coverageSchema":"332fd63041d2c1bcb487cc26dd0d5f7d97098a6c","hash":"0082884b63811434acc83b2621363c57e8a98783"}
,"/Users/romanhome/Documents/GitHub/basic-electron-react-boilerplate/client/components/Form.js": {"path":"/Users/romanhome/Documents/GitHub/basic-electron-react-boilerplate/client/components/Form.js","statementMap":{"0":{"start":{"line":5,"column":16},"end":{"line":59,"column":1}},"1":{"start":{"line":6,"column":38},"end":{"line":6,"column":43}},"2":{"start":{"line":8,"column":1},"end":{"line":58,"column":3}},"3":{"start":{"line":61,"column":0},"end":{"line":64,"column":2}},"4":{"start":{"line":66,"column":13},"end":{"line":68,"column":11}}},"fnMap":{"0":{"name":"(anonymous_0)","decl":{"start":{"line":5,"column":16},"end":{"line":5,"column":17}},"loc":{"start":{"line":5,"column":27},"end":{"line":59,"column":1}},"line":5}},"branchMap":{"0":{"loc":{"start":{"line":48,"column":8},"end":{"line":48,"column":73}},"type":"cond-expr","locations":[{"start":{"line":48,"column":21},"end":{"line":48,"column":51}},{"start":{"line":48,"column":54},"end":{"line":48,"column":73}}],"line":48}},"s":{"0":2,"1":0,"2":0,"3":2,"4":2},"f":{"0":0},"b":{"0":[0,0]},"_coverageSchema":"332fd63041d2c1bcb487cc26dd0d5f7d97098a6c","hash":"d4beb0b3b1f184dae1f42081e02bd8242c3abe06"}
,"/Users/romanhome/Documents/GitHub/basic-electron-react-boilerplate/client/components/Watcher.js": {"path":"/Users/romanhome/Documents/GitHub/basic-electron-react-boilerplate/client/components/Watcher.js","statementMap":{"0":{"start":{"line":9,"column":2},"end":{"line":9,"column":15}},"1":{"start":{"line":10,"column":2},"end":{"line":10,"column":51}},"2":{"start":{"line":14,"column":2},"end":{"line":14,"column":73}},"3":{"start":{"line":18,"column":2},"end":{"line":43,"column":4}},"4":{"start":{"line":47,"column":0},"end":{"line":52,"column":2}},"5":{"start":{"line":54,"column":0},"end":{"line":63,"column":2}},"6":{"start":{"line":66,"column":1},"end":{"line":70,"column":3}}},"fnMap":{"0":{"name":"(anonymous_0)","decl":{"start":{"line":8,"column":1},"end":{"line":8,"column":2}},"loc":{"start":{"line":8,"column":21},"end":{"line":11,"column":2}},"line":8},"1":{"name":"(anonymous_1)","decl":{"start":{"line":13,"column":1},"end":{"line":13,"column":2}},"loc":{"start":{"line":13,"column":23},"end":{"line":15,"column":2}},"line":13},"2":{"name":"(anonymous_2)","decl":{"start":{"line":17,"column":1},"end":{"line":17,"column":2}},"loc":{"start":{"line":17,"column":11},"end":{"line":44,"column":2}},"line":17},"3":{"name":"mapDispatchToProps","decl":{"start":{"line":65,"column":9},"end":{"line":65,"column":27}},"loc":{"start":{"line":65,"column":39},"end":{"line":71,"column":1}},"line":65}},"branchMap":{"0":{"loc":{"start":{"line":34,"column":8},"end":{"line":34,"column":77}},"type":"binary-expr","locations":[{"start":{"line":34,"column":8},"end":{"line":34,"column":27}},{"start":{"line":34,"column":31},"end":{"line":34,"column":77}}],"line":34},"1":{"loc":{"start":{"line":35,"column":8},"end":{"line":35,"column":77}},"type":"binary-expr","locations":[{"start":{"line":35,"column":8},"end":{"line":35,"column":27}},{"start":{"line":35,"column":31},"end":{"line":35,"column":77}}],"line":35}},"s":{"0":0,"1":0,"2":0,"3":0,"4":2,"5":2,"6":0},"f":{"0":0,"1":0,"2":0,"3":0},"b":{"0":[0,0],"1":[0,0]},"_coverageSchema":"332fd63041d2c1bcb487cc26dd0d5f7d97098a6c","hash":"056f98629886acf22b9aeecb2458f1b729d5fc66"}
}
