TN:
SF:/Users/romanhome/Documents/GitHub/basic-electron-react-boilerplate/client/actions/watcher.js
FN:6,list
FN:7,(anonymous_1)
FN:18,add
FN:19,(anonymous_3)
FN:33,check
FN:34,(anonymous_5)
FN:46,remove
FN:47,(anonymous_7)
FNF:8
FNH:0
FNDA:0,list
FNDA:0,(anonymous_1)
FNDA:0,add
FNDA:0,(anonymous_3)
FNDA:0,check
FNDA:0,(anonymous_5)
FNDA:0,remove
FNDA:0,(anonymous_7)
DA:1,2
DA:2,2
DA:3,2
DA:4,2
DA:7,0
DA:8,0
DA:9,0
DA:11,0
DA:19,0
DA:20,0
DA:29,0
DA:34,0
DA:35,0
DA:40,0
DA:47,0
DA:48,0
DA:53,0
LF:17
LH:4
BRF:0
BRH:0
end_of_record
TN:
SF:/Users/romanhome/Documents/GitHub/basic-electron-react-boilerplate/client/components/App.js
FN:13,(anonymous_0)
FN:18,(anonymous_1)
FN:21,(anonymous_2)
FN:26,(anonymous_3)
FN:30,(anonymous_4)
FN:31,(anonymous_5)
FN:65,mapStateToProps
FN:71,mapDispatchToProps
FNF:8
FNH:0
FNDA:0,(anonymous_0)
FNDA:0,(anonymous_1)
FNDA:0,(anonymous_2)
FNDA:0,(anonymous_3)
FNDA:0,(anonymous_4)
FNDA:0,(anonymous_5)
FNDA:0,mapStateToProps
FNDA:0,mapDispatchToProps
DA:14,0
DA:15,0
DA:19,0
DA:21,0
DA:22,0
DA:27,0
DA:31,0
DA:32,0
DA:34,0
DA:48,0
DA:56,1
DA:60,1
DA:66,0
DA:72,0
LF:14
LH:2
BRF:0
BRH:0
end_of_record
TN:
SF:/Users/romanhome/Documents/GitHub/basic-electron-react-boilerplate/client/components/Form.js
FN:5,(anonymous_0)
FNF:1
FNH:0
FNDA:0,(anonymous_0)
DA:5,2
DA:6,0
DA:8,0
DA:61,2
DA:66,2
LF:5
LH:3
BRDA:48,0,0,0
BRDA:48,0,1,0
BRF:2
BRH:0
end_of_record
TN:
SF:/Users/romanhome/Documents/GitHub/basic-electron-react-boilerplate/client/components/Watcher.js
FN:8,(anonymous_0)
FN:13,(anonymous_1)
FN:17,(anonymous_2)
FN:65,mapDispatchToProps
FNF:4
FNH:0
FNDA:0,(anonymous_0)
FNDA:0,(anonymous_1)
FNDA:0,(anonymous_2)
FNDA:0,mapDispatchToProps
DA:9,0
DA:10,0
DA:14,0
DA:18,0
DA:47,2
DA:54,2
DA:66,0
LF:7
LH:2
BRDA:34,0,0,0
BRDA:34,0,1,0
BRDA:35,1,0,0
BRDA:35,1,1,0
BRF:4
BRH:0
end_of_record
